android/app/build/intermediates/manifest_merge_blame_file/debug/manifest-merger-blame-debug-report.txt
1<?xml version="1.0" encoding="utf-8"?>
2<manifest xmlns:android="http://schemas.android.com/apk/res/android"
3    package="com.splitr.app"
4    android:versionCode="1"
5    android:versionName="1.0" >
6
7    <uses-sdk
8        android:minSdkVersion="26"
9        android:targetSdkVersion="34" />
10
11    <uses-permission android:name="android.permission.INTERNET" />
11-->src\main\AndroidManifest.xml:5:5-67
11-->src\main\AndroidManifest.xml:5:22-64
12    <uses-permission android:name="android.permission.ACCESS_FINE_LOCATION" />
12-->src\main\AndroidManifest.xml:6:5-79
12-->src\main\AndroidManifest.xml:6:22-76
13    <uses-permission android:name="android.permission.ACCESS_COARSE_LOCATION" />
13-->src\main\AndroidManifest.xml:7:5-81
13-->src\main\AndroidManifest.xml:7:22-78
14
15    <!-- Include required permissions for Google Maps API to run. -->
16    <uses-permission android:name="android.permission.ACCESS_NETWORK_STATE" />
16-->[com.google.android.gms:play-services-maps:18.2.0] AndroidManifest.xml:23:5-79
16-->[com.google.android.gms:play-services-maps:18.2.0] AndroidManifest.xml:23:22-76
17
18    <uses-feature
18-->[com.google.android.gms:play-services-maps:18.2.0] AndroidManifest.xml:26:5-28:35
19        android:glEsVersion="0x00020000"
19-->[com.google.android.gms:play-services-maps:18.2.0] AndroidManifest.xml:27:9-41
20        android:required="true" />
20-->[com.google.android.gms:play-services-maps:18.2.0] AndroidManifest.xml:28:9-32
21
22    <queries>
22-->[com.google.android.gms:play-services-maps:18.2.0] AndroidManifest.xml:30:5-34:15
23
24        <!-- Needs to be explicitly declared on Android R+ -->
25        <package android:name="com.google.android.apps.maps" />
25-->[com.google.android.gms:play-services-maps:18.2.0] AndroidManifest.xml:33:9-64
25-->[com.google.android.gms:play-services-maps:18.2.0] AndroidManifest.xml:33:18-61
26    </queries>
27
28    <uses-permission android:name="android.permission.WAKE_LOCK" />
28-->[androidx.work:work-runtime:2.9.0] AndroidManifest.xml:23:5-68
28-->[androidx.work:work-runtime:2.9.0] AndroidManifest.xml:23:22-65
29    <uses-permission android:name="android.permission.RECEIVE_BOOT_COMPLETED" />
29-->[androidx.work:work-runtime:2.9.0] AndroidManifest.xml:25:5-81
29-->[androidx.work:work-runtime:2.9.0] AndroidManifest.xml:25:22-78
30    <uses-permission android:name="android.permission.FOREGROUND_SERVICE" />
30-->[androidx.work:work-runtime:2.9.0] AndroidManifest.xml:26:5-77
30-->[androidx.work:work-runtime:2.9.0] AndroidManifest.xml:26:22-74
31
32    <permission
32-->[androidx.core:core:1.9.0] AndroidManifest.xml:22:5-24:47
33        android:name="com.splitr.app.DYNAMIC_RECEIVER_NOT_EXPORTED_PERMISSION"
33-->[androidx.core:core:1.9.0] AndroidManifest.xml:23:9-81
34        android:protectionLevel="signature" />
34-->[androidx.core:core:1.9.0] AndroidManifest.xml:24:9-44
35
36    <uses-permission android:name="com.splitr.app.DYNAMIC_RECEIVER_NOT_EXPORTED_PERMISSION" />
36-->[androidx.core:core:1.9.0] AndroidManifest.xml:26:5-97
36-->[androidx.core:core:1.9.0] AndroidManifest.xml:26:22-94
37
38    <application
38-->src\main\AndroidManifest.xml:9:5-39:19
39        android:allowBackup="true"
39-->src\main\AndroidManifest.xml:10:9-35
40        android:appComponentFactory="androidx.core.app.CoreComponentFactory"
40-->[androidx.core:core:1.9.0] AndroidManifest.xml:28:18-86
41        android:debuggable="true"
42        android:extractNativeLibs="false"
43        android:label="@string/app_name"
43-->src\main\AndroidManifest.xml:11:9-41
44        android:supportsRtl="true"
44-->src\main\AndroidManifest.xml:12:9-35
45        android:testOnly="true"
46        android:theme="@style/Theme.Splitr" >
46-->src\main\AndroidManifest.xml:13:9-44
47        <meta-data
47-->src\main\AndroidManifest.xml:15:9-17:71
48            android:name="com.google.android.geo.API_KEY"
48-->src\main\AndroidManifest.xml:16:13-58
49            android:value="AIzaSyBd3gQ7AzQpYQQDvpGYNuD-ux-pTJr1Qlo" />
49-->src\main\AndroidManifest.xml:17:13-68
50
51        <activity
51-->src\main\AndroidManifest.xml:19:9-27:20
52            android:name="com.splitr.app.activities.LoginActivity"
52-->src\main\AndroidManifest.xml:20:13-53
53            android:exported="true"
53-->src\main\AndroidManifest.xml:21:13-36
54            android:windowSoftInputMode="adjustResize" >
54-->src\main\AndroidManifest.xml:22:13-55
55            <intent-filter>
55-->src\main\AndroidManifest.xml:23:13-26:29
56                <action android:name="android.intent.action.MAIN" />
56-->src\main\AndroidManifest.xml:24:17-69
56-->src\main\AndroidManifest.xml:24:25-66
57
58                <category android:name="android.intent.category.LAUNCHER" />
58-->src\main\AndroidManifest.xml:25:17-77
58-->src\main\AndroidManifest.xml:25:27-74
59            </intent-filter>
60        </activity>
61        <activity
61-->src\main\AndroidManifest.xml:29:9-30:40
62            android:name="com.splitr.app.activities.DashboardActivity"
62-->src\main\AndroidManifest.xml:29:19-63
63            android:exported="false" />
63-->src\main\AndroidManifest.xml:30:13-37
64        <activity
64-->src\main\AndroidManifest.xml:31:9-32:40
65            android:name="com.splitr.app.activities.MapActivity"
65-->src\main\AndroidManifest.xml:31:19-57
66            android:exported="false" />
66-->src\main\AndroidManifest.xml:32:13-37
67        <activity
67-->src\main\AndroidManifest.xml:33:9-34:40
68            android:name="com.splitr.app.activities.GroupActivity"
68-->src\main\AndroidManifest.xml:33:19-59
69            android:exported="false" />
69-->src\main\AndroidManifest.xml:34:13-37
70        <activity
70-->src\main\AndroidManifest.xml:35:9-37:58
71            android:name="com.splitr.app.activities.AddExpenseActivity"
71-->src\main\AndroidManifest.xml:35:19-64
72            android:exported="false"
72-->src\main\AndroidManifest.xml:36:13-37
73            android:windowSoftInputMode="adjustResize" />
73-->src\main\AndroidManifest.xml:37:13-55
74
75        <!-- Needs to be explicitly declared on P+ -->
76        <uses-library
76-->[com.google.android.gms:play-services-maps:18.2.0] AndroidManifest.xml:39:9-41:40
77            android:name="org.apache.http.legacy"
77-->[com.google.android.gms:play-services-maps:18.2.0] AndroidManifest.xml:40:13-50
78            android:required="false" />
78-->[com.google.android.gms:play-services-maps:18.2.0] AndroidManifest.xml:41:13-37
79
80        <provider
80-->[androidx.work:work-runtime:2.9.0] AndroidManifest.xml:29:9-37:20
81            android:name="androidx.startup.InitializationProvider"
81-->[androidx.work:work-runtime:2.9.0] AndroidManifest.xml:30:13-67
82            android:authorities="com.splitr.app.androidx-startup"
82-->[androidx.work:work-runtime:2.9.0] AndroidManifest.xml:31:13-68
83            android:exported="false" >
83-->[androidx.work:work-runtime:2.9.0] AndroidManifest.xml:32:13-37
84            <meta-data
84-->[androidx.work:work-runtime:2.9.0] AndroidManifest.xml:34:13-36:52
85                android:name="androidx.work.WorkManagerInitializer"
85-->[androidx.work:work-runtime:2.9.0] AndroidManifest.xml:35:17-68
86                android:value="androidx.startup" />
86-->[androidx.work:work-runtime:2.9.0] AndroidManifest.xml:36:17-49
87            <meta-data
87-->[androidx.emoji2:emoji2:1.2.0] AndroidManifest.xml:29:13-31:52
88                android:name="androidx.emoji2.text.EmojiCompatInitializer"
88-->[androidx.emoji2:emoji2:1.2.0] AndroidManifest.xml:30:17-75
89                android:value="androidx.startup" />
89-->[androidx.emoji2:emoji2:1.2.0] AndroidManifest.xml:31:17-49
90            <meta-data
90-->[androidx.lifecycle:lifecycle-process:2.6.1] AndroidManifest.xml:29:13-31:52
91                android:name="androidx.lifecycle.ProcessLifecycleInitializer"
91-->[androidx.lifecycle:lifecycle-process:2.6.1] AndroidManifest.xml:30:17-78
92                android:value="androidx.startup" />
92-->[androidx.lifecycle:lifecycle-process:2.6.1] AndroidManifest.xml:31:17-49
93            <meta-data
93-->[androidx.profileinstaller:profileinstaller:1.3.0] AndroidManifest.xml:29:13-31:52
94                android:name="androidx.profileinstaller.ProfileInstallerInitializer"
94-->[androidx.profileinstaller:profileinstaller:1.3.0] AndroidManifest.xml:30:17-85
95                android:value="androidx.startup" />
95-->[androidx.profileinstaller:profileinstaller:1.3.0] AndroidManifest.xml:31:17-49
96        </provider>
97
98        <service
98-->[androidx.work:work-runtime:2.9.0] AndroidManifest.xml:39:9-45:35
99            android:name="androidx.work.impl.background.systemalarm.SystemAlarmService"
99-->[androidx.work:work-runtime:2.9.0] AndroidManifest.xml:40:13-88
100            android:directBootAware="false"
100-->[androidx.work:work-runtime:2.9.0] AndroidManifest.xml:41:13-44
101            android:enabled="@bool/enable_system_alarm_service_default"
101-->[androidx.work:work-runtime:2.9.0] AndroidManifest.xml:42:13-72
102            android:exported="false" />
102-->[androidx.work:work-runtime:2.9.0] AndroidManifest.xml:43:13-37
103        <service
103-->[androidx.work:work-runtime:2.9.0] AndroidManifest.xml:46:9-52:35
104            android:name="androidx.work.impl.background.systemjob.SystemJobService"
104-->[androidx.work:work-runtime:2.9.0] AndroidManifest.xml:47:13-84
105            android:directBootAware="false"
105-->[androidx.work:work-runtime:2.9.0] AndroidManifest.xml:48:13-44
106            android:enabled="@bool/enable_system_job_service_default"
106-->[androidx.work:work-runtime:2.9.0] AndroidManifest.xml:49:13-70
107            android:exported="true"
107-->[androidx.work:work-runtime:2.9.0] AndroidManifest.xml:50:13-36
108            android:permission="android.permission.BIND_JOB_SERVICE" />
108-->[androidx.work:work-runtime:2.9.0] AndroidManifest.xml:51:13-69
109        <service
109-->[androidx.work:work-runtime:2.9.0] AndroidManifest.xml:53:9-59:35
110            android:name="androidx.work.impl.foreground.SystemForegroundService"
110-->[androidx.work:work-runtime:2.9.0] AndroidManifest.xml:54:13-81
111            android:directBootAware="false"
111-->[androidx.work:work-runtime:2.9.0] AndroidManifest.xml:55:13-44
112            android:enabled="@bool/enable_system_foreground_service_default"
112-->[androidx.work:work-runtime:2.9.0] AndroidManifest.xml:56:13-77
113            android:exported="false" />
113-->[androidx.work:work-runtime:2.9.0] AndroidManifest.xml:57:13-37
114
115        <receiver
115-->[androidx.work:work-runtime:2.9.0] AndroidManifest.xml:61:9-66:35
116            android:name="androidx.work.impl.utils.ForceStopRunnable$BroadcastReceiver"
116-->[androidx.work:work-runtime:2.9.0] AndroidManifest.xml:62:13-88
117            android:directBootAware="false"
117-->[androidx.work:work-runtime:2.9.0] AndroidManifest.xml:63:13-44
118            android:enabled="true"
118-->[androidx.work:work-runtime:2.9.0] AndroidManifest.xml:64:13-35
119            android:exported="false" />
119-->[androidx.work:work-runtime:2.9.0] AndroidManifest.xml:65:13-37
120        <receiver
120-->[androidx.work:work-runtime:2.9.0] AndroidManifest.xml:67:9-77:20
121            android:name="androidx.work.impl.background.systemalarm.ConstraintProxy$BatteryChargingProxy"
121-->[androidx.work:work-runtime:2.9.0] AndroidManifest.xml:68:13-106
122            android:directBootAware="false"
122-->[androidx.work:work-runtime:2.9.0] AndroidManifest.xml:69:13-44
123            android:enabled="false"
123-->[androidx.work:work-runtime:2.9.0] AndroidManifest.xml:70:13-36
124            android:exported="false" >
124-->[androidx.work:work-runtime:2.9.0] AndroidManifest.xml:71:13-37
125            <intent-filter>
125-->[androidx.work:work-runtime:2.9.0] AndroidManifest.xml:73:13-76:29
126                <action android:name="android.intent.action.ACTION_POWER_CONNECTED" />
126-->[androidx.work:work-runtime:2.9.0] AndroidManifest.xml:74:17-87
126-->[androidx.work:work-runtime:2.9.0] AndroidManifest.xml:74:25-84
127                <action android:name="android.intent.action.ACTION_POWER_DISCONNECTED" />
127-->[androidx.work:work-runtime:2.9.0] AndroidManifest.xml:75:17-90
127-->[androidx.work:work-runtime:2.9.0] AndroidManifest.xml:75:25-87
128            </intent-filter>
129        </receiver>
130        <receiver
130-->[androidx.work:work-runtime:2.9.0] AndroidManifest.xml:78:9-88:20
131            android:name="androidx.work.impl.background.systemalarm.ConstraintProxy$BatteryNotLowProxy"
131-->[androidx.work:work-runtime:2.9.0] AndroidManifest.xml:79:13-104
132            android:directBootAware="false"
132-->[androidx.work:work-runtime:2.9.0] AndroidManifest.xml:80:13-44
133            android:enabled="false"
133-->[androidx.work:work-runtime:2.9.0] AndroidManifest.xml:81:13-36
134            android:exported="false" >
134-->[androidx.work:work-runtime:2.9.0] AndroidManifest.xml:82:13-37
135            <intent-filter>
135-->[androidx.work:work-runtime:2.9.0] AndroidManifest.xml:84:13-87:29
136                <action android:name="android.intent.action.BATTERY_OKAY" />
136-->[androidx.work:work-runtime:2.9.0] AndroidManifest.xml:85:17-77
136-->[androidx.work:work-runtime:2.9.0] AndroidManifest.xml:85:25-74
137                <action android:name="android.intent.action.BATTERY_LOW" />
137-->[androidx.work:work-runtime:2.9.0] AndroidManifest.xml:86:17-76
137-->[androidx.work:work-runtime:2.9.0] AndroidManifest.xml:86:25-73
138            </intent-filter>
139        </receiver>
140        <receiver
140-->[androidx.work:work-runtime:2.9.0] AndroidManifest.xml:89:9-99:20
141            android:name="androidx.work.impl.background.systemalarm.ConstraintProxy$StorageNotLowProxy"
141-->[androidx.work:work-runtime:2.9.0] AndroidManifest.xml:90:13-104
142            android:directBootAware="false"
142-->[androidx.work:work-runtime:2.9.0] AndroidManifest.xml:91:13-44
143            android:enabled="false"
143-->[androidx.work:work-runtime:2.9.0] AndroidManifest.xml:92:13-36
144            android:exported="false" >
144-->[androidx.work:work-runtime:2.9.0] AndroidManifest.xml:93:13-37
145            <intent-filter>
145-->[androidx.work:work-runtime:2.9.0] AndroidManifest.xml:95:13-98:29
146                <action android:name="android.intent.action.DEVICE_STORAGE_LOW" />
146-->[androidx.work:work-runtime:2.9.0] AndroidManifest.xml:96:17-83
146-->[androidx.work:work-runtime:2.9.0] AndroidManifest.xml:96:25-80
147                <action android:name="android.intent.action.DEVICE_STORAGE_OK" />
147-->[androidx.work:work-runtime:2.9.0] AndroidManifest.xml:97:17-82
147-->[androidx.work:work-runtime:2.9.0] AndroidManifest.xml:97:25-79
148            </intent-filter>
149        </receiver>
150        <receiver
150-->[androidx.work:work-runtime:2.9.0] AndroidManifest.xml:100:9-109:20
151            android:name="androidx.work.impl.background.systemalarm.ConstraintProxy$NetworkStateProxy"
151-->[androidx.work:work-runtime:2.9.0] AndroidManifest.xml:101:13-103
152            android:directBootAware="false"
152-->[androidx.work:work-runtime:2.9.0] AndroidManifest.xml:102:13-44
153            android:enabled="false"
153-->[androidx.work:work-runtime:2.9.0] AndroidManifest.xml:103:13-36
154            android:exported="false" >
154-->[androidx.work:work-runtime:2.9.0] AndroidManifest.xml:104:13-37
155            <intent-filter>
155-->[androidx.work:work-runtime:2.9.0] AndroidManifest.xml:106:13-108:29
156                <action android:name="android.net.conn.CONNECTIVITY_CHANGE" />
156-->[androidx.work:work-runtime:2.9.0] AndroidManifest.xml:107:17-79
156-->[androidx.work:work-runtime:2.9.0] AndroidManifest.xml:107:25-76
157            </intent-filter>
158        </receiver>
159        <receiver
159-->[androidx.work:work-runtime:2.9.0] AndroidManifest.xml:110:9-121:20
160            android:name="androidx.work.impl.background.systemalarm.RescheduleReceiver"
160-->[androidx.work:work-runtime:2.9.0] AndroidManifest.xml:111:13-88
161            android:directBootAware="false"
161-->[androidx.work:work-runtime:2.9.0] AndroidManifest.xml:112:13-44
162            android:enabled="false"
162-->[androidx.work:work-runtime:2.9.0] AndroidManifest.xml:113:13-36
163            android:exported="false" >
163-->[androidx.work:work-runtime:2.9.0] AndroidManifest.xml:114:13-37
164            <intent-filter>
164-->[androidx.work:work-runtime:2.9.0] AndroidManifest.xml:116:13-120:29
165                <action android:name="android.intent.action.BOOT_COMPLETED" />
165-->[androidx.work:work-runtime:2.9.0] AndroidManifest.xml:117:17-79
165-->[androidx.work:work-runtime:2.9.0] AndroidManifest.xml:117:25-76
166                <action android:name="android.intent.action.TIME_SET" />
166-->[androidx.work:work-runtime:2.9.0] AndroidManifest.xml:118:17-73
166-->[androidx.work:work-runtime:2.9.0] AndroidManifest.xml:118:25-70
167                <action android:name="android.intent.action.TIMEZONE_CHANGED" />
167-->[androidx.work:work-runtime:2.9.0] AndroidManifest.xml:119:17-81
167-->[androidx.work:work-runtime:2.9.0] AndroidManifest.xml:119:25-78
168            </intent-filter>
169        </receiver>
170        <receiver
170-->[androidx.work:work-runtime:2.9.0] AndroidManifest.xml:122:9-131:20
171            android:name="androidx.work.impl.background.systemalarm.ConstraintProxyUpdateReceiver"
171-->[androidx.work:work-runtime:2.9.0] AndroidManifest.xml:123:13-99
172            android:directBootAware="false"
172-->[androidx.work:work-runtime:2.9.0] AndroidManifest.xml:124:13-44
173            android:enabled="@bool/enable_system_alarm_service_default"
173-->[androidx.work:work-runtime:2.9.0] AndroidManifest.xml:125:13-72
174            android:exported="false" >
174-->[androidx.work:work-runtime:2.9.0] AndroidManifest.xml:126:13-37
175            <intent-filter>
175-->[androidx.work:work-runtime:2.9.0] AndroidManifest.xml:128:13-130:29
176                <action android:name="androidx.work.impl.background.systemalarm.UpdateProxies" />
176-->[androidx.work:work-runtime:2.9.0] AndroidManifest.xml:129:17-98
176-->[androidx.work:work-runtime:2.9.0] AndroidManifest.xml:129:25-95
177            </intent-filter>
178        </receiver>
179        <receiver
179-->[androidx.work:work-runtime:2.9.0] AndroidManifest.xml:132:9-142:20
180            android:name="androidx.work.impl.diagnostics.DiagnosticsReceiver"
180-->[androidx.work:work-runtime:2.9.0] AndroidManifest.xml:133:13-78
181            android:directBootAware="false"
181-->[androidx.work:work-runtime:2.9.0] AndroidManifest.xml:134:13-44
182            android:enabled="true"
182-->[androidx.work:work-runtime:2.9.0] AndroidManifest.xml:135:13-35
183            android:exported="true"
183-->[androidx.work:work-runtime:2.9.0] AndroidManifest.xml:136:13-36
184            android:permission="android.permission.DUMP" >
184-->[androidx.work:work-runtime:2.9.0] AndroidManifest.xml:137:13-57
185            <intent-filter>
185-->[androidx.work:work-runtime:2.9.0] AndroidManifest.xml:139:13-141:29
186                <action android:name="androidx.work.diagnostics.REQUEST_DIAGNOSTICS" />
186-->[androidx.work:work-runtime:2.9.0] AndroidManifest.xml:140:17-88
186-->[androidx.work:work-runtime:2.9.0] AndroidManifest.xml:140:25-85
187            </intent-filter>
188        </receiver>
189
190        <service
190-->[androidx.room:room-runtime:2.6.1] AndroidManifest.xml:24:9-28:63
191            android:name="androidx.room.MultiInstanceInvalidationService"
191-->[androidx.room:room-runtime:2.6.1] AndroidManifest.xml:25:13-74
192            android:directBootAware="true"
192-->[androidx.room:room-runtime:2.6.1] AndroidManifest.xml:26:13-43
193            android:exported="false" />
193-->[androidx.room:room-runtime:2.6.1] AndroidManifest.xml:27:13-37
194
195        <activity
195-->[com.google.android.gms:play-services-base:18.1.0] AndroidManifest.xml:20:9-22:45
196            android:name="com.google.android.gms.common.api.GoogleApiActivity"
196-->[com.google.android.gms:play-services-base:18.1.0] AndroidManifest.xml:20:19-85
197            android:exported="false"
197-->[com.google.android.gms:play-services-base:18.1.0] AndroidManifest.xml:22:19-43
198            android:theme="@android:style/Theme.Translucent.NoTitleBar" />
198-->[com.google.android.gms:play-services-base:18.1.0] AndroidManifest.xml:21:19-78
199
200        <meta-data
200-->[com.google.android.gms:play-services-basement:18.1.0] AndroidManifest.xml:21:9-23:69
201            android:name="com.google.android.gms.version"
201-->[com.google.android.gms:play-services-basement:18.1.0] AndroidManifest.xml:22:13-58
202            android:value="@integer/google_play_services_version" />
202-->[com.google.android.gms:play-services-basement:18.1.0] AndroidManifest.xml:23:13-66
203
204        <receiver
204-->[androidx.profileinstaller:profileinstaller:1.3.0] AndroidManifest.xml:34:9-52:20
205            android:name="androidx.profileinstaller.ProfileInstallReceiver"
205-->[androidx.profileinstaller:profileinstaller:1.3.0] AndroidManifest.xml:35:13-76
206            android:directBootAware="false"
206-->[androidx.profileinstaller:profileinstaller:1.3.0] AndroidManifest.xml:36:13-44
207            android:enabled="true"
207-->[androidx.profileinstaller:profileinstaller:1.3.0] AndroidManifest.xml:37:13-35
208            android:exported="true"
208-->[androidx.profileinstaller:profileinstaller:1.3.0] AndroidManifest.xml:38:13-36
209            android:permission="android.permission.DUMP" >
209-->[androidx.profileinstaller:profileinstaller:1.3.0] AndroidManifest.xml:39:13-57
210            <intent-filter>
210-->[androidx.profileinstaller:profileinstaller:1.3.0] AndroidManifest.xml:40:13-42:29
211                <action android:name="androidx.profileinstaller.action.INSTALL_PROFILE" />
211-->[androidx.profileinstaller:profileinstaller:1.3.0] AndroidManifest.xml:41:17-91
211-->[androidx.profileinstaller:profileinstaller:1.3.0] AndroidManifest.xml:41:25-88
212            </intent-filter>
213            <intent-filter>
213-->[androidx.profileinstaller:profileinstaller:1.3.0] AndroidManifest.xml:43:13-45:29
214                <action android:name="androidx.profileinstaller.action.SKIP_FILE" />
214-->[androidx.profileinstaller:profileinstaller:1.3.0] AndroidManifest.xml:44:17-85
214-->[androidx.profileinstaller:profileinstaller:1.3.0] AndroidManifest.xml:44:25-82
215            </intent-filter>
216            <intent-filter>
216-->[androidx.profileinstaller:profileinstaller:1.3.0] AndroidManifest.xml:46:13-48:29
217                <action android:name="androidx.profileinstaller.action.SAVE_PROFILE" />
217-->[androidx.profileinstaller:profileinstaller:1.3.0] AndroidManifest.xml:47:17-88
217-->[androidx.profileinstaller:profileinstaller:1.3.0] AndroidManifest.xml:47:25-85
218            </intent-filter>
219            <intent-filter>
219-->[androidx.profileinstaller:profileinstaller:1.3.0] AndroidManifest.xml:49:13-51:29
220                <action android:name="androidx.profileinstaller.action.BENCHMARK_OPERATION" />
220-->[androidx.profileinstaller:profileinstaller:1.3.0] AndroidManifest.xml:50:17-95
220-->[androidx.profileinstaller:profileinstaller:1.3.0] AndroidManifest.xml:50:25-92
221            </intent-filter>
222        </receiver>
223    </application>
224
225</manifest>